<?xml version="1.0" encoding="UTF-8"?>
<beans xmlns="http://www.springframework.org/schema/beans"
	xmlns:xsi="http://www.w3.org/2001/XMLSchema-instance" xmlns:context="http://www.springframework.org/schema/context"
	xmlns:mockito="http://www.mockito.org/spring/mockito" xmlns:util="http://www.springframework.org/schema/util"
	xsi:schemaLocation="
	http://www.springframework.org/schema/beans 
	http://www.springframework.org/schema/beans/spring-beans-3.0.xsd
	http://www.springframework.org/schema/context 
	http://www.springframework.org/schema/context/spring-context-3.0.xsd
	http://www.mockito.org/spring/mockito 
	http://www.mockito.org/spring/mockito.xsd
	http://www.springframework.org/schema/util
	http://www.springframework.org/schema/util/spring-util-3.0.xsd">

	<context:annotation-config />
	<context:component-scan base-package="com.reprap.reprapgui.controller" />

	<mockito:spy beanName="printController" />
	<bean id="printController2" class="com.reprap.reprapgui.controller.PrinterController" lazy-init="true">
	    <property name="model" ref="printModel" />
		<property name="view" ref="printView" />
	</bean>

	<mockito:spy beanName="axisController" />

</beans>
